[2026-06-02 01:33:11][INFO] Loading resources...
[2026-06-02 01:33:11][FINE] Loading resources from: bluemap/resourceExtensions.zip ...
[2026-06-02 01:33:11][FINE] Loading resources from: bluemap/minecraft-client-1.20.4.jar ...
[2026-06-02 01:33:12][FINE] Collecting texture-keys...
[2026-06-02 01:33:12][FINE] Found 1060 texture-keys.
[2026-06-02 01:33:12][FINE] Loading textures from: bluemap/resourceExtensions.zip ...
[2026-06-02 01:33:12][FINE] Loading textures from: bluemap/minecraft-client-1.20.4.jar ...
[2026-06-02 01:33:14][FINE] Baking resources...
[2026-06-02 01:33:14][INFO] Resources loaded.
[2026-06-02 01:33:14][FINE] Loading world world#minecraft:overworld ...
[2026-06-02 01:33:14][FINE] Loading datapack...
[2026-06-02 01:33:14][FINE] Loading datapack from: world/datapacks/Nyctophobia Datapack.zip ...
[2026-06-02 01:33:14][FINE] Loading datapack from: world/datapacks/armor_statues_v2.16.1.zip ...
[2026-06-02 01:33:14][FINE] Loading datapack from: world/datapacks/blossom (1).zip ...
[2026-06-02 01:33:14][FINE] Loading datapack from: world/datapacks/Incendium_1.20_v5.3.5.zip ...
[2026-06-02 01:33:14][FINE] Loading datapack from: world/datapacks/vanillarefresh-v1.4.19h_1.20.x.zip ...
[2026-06-02 01:33:14][FINE] Loading datapack from: world/datapacks/Spawn Animations Compats.zip ...
[2026-06-02 01:33:14][FINE] Loading datapack from: world/datapacks/voa-data-1-8-6.zip ...
[2026-06-02 01:33:14][FINE] Loading datapack from: world/datapacks/dynamiclights-v1.9.2-mc1.17-26.1.1-datapack.zip ...
[2026-06-02 01:33:14][FINE] Loading datapack from: world/datapacks/William Wythers' Overhauled Overworld v2.6.0.zip ...
[2026-06-02 01:33:14][FINE] Loading datapack from: world/datapacks/epicterrain-v0.2.5-Beta-1.20~1.20.4.zip ...
[2026-06-02 01:33:14][FINE] Loading datapack from: world/datapacks/daycounter_start0.zip ...
[2026-06-02 01:33:14][FINE] Loading datapack from: world/datapacks/playerhealthindicatorV2.zip ...
[2026-06-02 01:33:14][FINE] Loading datapack from: world/datapacks/lukis-grand-capitals-v1.1.3.zip ...
[2026-06-02 01:33:14][FINE] Loading datapack from: world/datapacks/compatible with [Fresh Animations Extensions].zip ...
[2026-06-02 01:33:14][FINE] Loading datapack from: world/datapacks/furnicraft v2.3.zip ...
[2026-06-02 01:33:14][FINE] Loading datapack from: world/datapacks/bukkit ...
[2026-06-02 01:33:14][FINE] Loading datapack from: world/datapacks/Anytag Datapack [v1.0.0].zip ...
[2026-06-02 01:33:14][FINE] Loading datapack from: world/datapacks/Terralith_1.20_v2.5.4.zip ...
[2026-06-02 01:33:14][FINE] Loading datapack from: world/datapacks/bettervillage-fabric-1.20.4.zip ...
[2026-06-02 01:33:14][FINE] Loading datapack from: world/datapacks/Stellarity-2-2-0.zip ...
[2026-06-02 01:33:14][FINE] Loading datapack from: world/datapacks/From-The-Fog-1.20.3-1.20.4-v1.9.3-Data-Resource-Pack.zip ...
[2026-06-02 01:33:14][FINE] Loading datapack from: world/datapacks/spawnanimations-v1.11.4-mc1.17-26.1.1-datapack.zip ...
[2026-06-02 01:33:14][FINE] Loading datapack from: world/datapacks/tidal_1.3.4.zip ...
[2026-06-02 01:33:14][FINE] Loading datapack from: bluemap/resourceExtensions.zip ...
[2026-06-02 01:33:14][FINE] Loading datapack from: bluemap/minecraft-client-1.20.4.jar ...
[2026-06-02 01:33:14][FINE] Baking datapack...
[2026-06-02 01:33:14][FINE] Datapack loaded.
[2026-06-02 01:33:14][INFO] Initializing Storage: 'file' (Type: 'bluemap:file')
[2026-06-02 01:33:14][INFO] Loading map 'world'...
[2026-06-02 01:33:14][FINE] Loading render-state for map 'world'
[2026-06-02 01:33:14][FINE] Loading textures for map 'world'
[2026-06-02 01:33:15][FINE] Loading world world_the_end#minecraft:the_end ...
[2026-06-02 01:33:15][FINE] Loading datapack...
[2026-06-02 01:33:15][FINE] Loading datapack from: bluemap/resourceExtensions.zip ...
[2026-06-02 01:33:15][FINE] Loading datapack from: bluemap/minecraft-client-1.20.4.jar ...
[2026-06-02 01:33:15][FINE] Baking datapack...
[2026-06-02 01:33:15][FINE] Datapack loaded.
[2026-06-02 01:33:15][INFO] Loading map 'world_the_end'...
[2026-06-02 01:33:15][FINE] Loading render-state for map 'world_the_end'
[2026-06-02 01:33:15][FINE] Loading textures for map 'world_the_end'
[2026-06-02 01:33:15][FINE] Loading world world_nether#minecraft:the_nether ...
[2026-06-02 01:33:15][FINE] Loading datapack...
[2026-06-02 01:33:15][FINE] Loading datapack from: bluemap/resourceExtensions.zip ...
[2026-06-02 01:33:15][FINE] Loading datapack from: bluemap/minecraft-client-1.20.4.jar ...
[2026-06-02 01:33:15][FINE] Baking datapack...
[2026-06-02 01:33:15][FINE] Datapack loaded.
[2026-06-02 01:33:15][INFO] Loading map 'world_nether'...
[2026-06-02 01:33:15][FINE] Loading render-state for map 'world_nether'
[2026-06-02 01:33:15][FINE] Loading textures for map 'world_nether'
[2026-06-02 01:33:15][INFO] WebServer bound to all network interfaces on port 8100
[2026-06-02 01:33:15][INFO] WebServer started.
[2026-06-02 01:33:15][FINE] Started watching map 'world' for updates...
[2026-06-02 01:33:15][FINE] Started watching map 'world_the_end' for updates...
[2026-06-02 01:33:15][FINE] Started watching map 'world_nether' for updates...
[2026-06-02 01:33:15][INFO] Loaded!
[2026-06-02 01:33:47][FINE] Scheduled update for region-file: (5, -10) (Map: world)
[2026-06-02 01:33:48][FINE] Scheduled update for region-file: (-8, 6) (Map: world)
[2026-06-02 01:33:49][FINE] Scheduled update for region-file: (2, -5) (Map: world)
[2026-06-02 01:33:49][FINE] Scheduled update for region-file: (5, 5) (Map: world)
[2026-06-02 01:33:49][FINE] Scheduled update for region-file: (1, 6) (Map: world)
[2026-06-02 01:33:49][FINE] Scheduled update for region-file: (-7, 1) (Map: world)
[2026-06-02 01:33:50][FINE] Scheduled update for region-file: (-1, 2) (Map: world)
[2026-06-02 01:34:37][FINE] Failed to load skin from mojang for player: '9847f57b-7c0e-37cd-a066-cb5a48962247' - java.io.IOException: java.lang.IllegalStateException: Not a JSON Object: null
[2026-06-02 01:34:37][FINE] No player-skin provided for UUID: 9847f57b-7c0e-37cd-a066-cb5a48962247
[2026-06-02 01:38:30][FINE] Scheduled update for region-file: (0, -1) (Map: world)
[2026-06-02 01:38:39][FINE] Scheduled update for region-file: (0, 0) (Map: world)
[2026-06-02 01:38:39][FINE] Scheduled update for region-file: (0, -1) (Map: world)
[2026-06-02 01:38:45][FINE] Scheduled update for region-file: (-1, -1) (Map: world)
[2026-06-02 01:38:46][FINE] Scheduled update for region-file: (-1, -1) (Map: world_nether)
[2026-06-02 01:38:46][FINE] Scheduled update for region-file: (-1, -1) (Map: world_the_end)
[2026-06-02 01:38:47][FINE] Scheduled update for region-file: (-1, 0) (Map: world)
[2026-06-02 01:38:47][FINE] Scheduled update for region-file: (-1, 0) (Map: world_nether)
[2026-06-02 01:38:47][FINE] Scheduled update for region-file: (-1, 0) (Map: world_the_end)
[2026-06-02 01:38:47][FINE] Scheduled update for region-file: (0, -1) (Map: world_nether)
[2026-06-02 01:38:47][FINE] Scheduled update for region-file: (0, -1) (Map: world_the_end)
[2026-06-02 01:38:48][FINE] Scheduled update for region-file: (0, 0) (Map: world)
[2026-06-02 01:38:48][FINE] Scheduled update for region-file: (0, 0) (Map: world_nether)
[2026-06-02 01:38:48][FINE] Scheduled update for region-file: (0, 0) (Map: world_the_end)
[2026-06-02 01:38:52][FINE] Scheduled update for region-file: (0, -1) (Map: world)
[2026-06-02 01:39:00][FINE] Scheduled update for region-file: (0, -1) (Map: world)
[2026-06-02 01:39:06][FINE] Scheduled update for region-file: (0, -1) (Map: world)
[2026-06-02 01:39:11][FINE] Scheduled update for region-file: (0, -1) (Map: world)
[2026-06-02 01:39:14][FINE] Scheduled update for region-file: (-1, 0) (Map: world)
[2026-06-02 01:39:28][FINE] Scheduled update for region-file: (-1, 0) (Map: world)
[2026-06-02 01:39:45][FINE] Scheduled update for region-file: (0, 1) (Map: world)
[2026-06-02 01:39:47][FINE] Scheduled update for region-file: (-1, 0) (Map: world)
[2026-06-02 01:39:47][FINE] Scheduled update for region-file: (-1, -1) (Map: world)
[2026-06-02 01:39:52][FINE] Scheduled update for region-file: (-1, -1) (Map: world)
[2026-06-02 01:39:52][FINE] Scheduled update for region-file: (-1, 0) (Map: world)
[2026-06-02 01:39:54][FINE] Scheduled update for region-file: (0, -1) (Map: world)
[2026-06-02 01:39:54][FINE] Scheduled update for region-file: (0, 1) (Map: world)
[2026-06-02 01:39:54][FINE] Scheduled update for region-file: (0, 0) (Map: world)
[2026-06-02 01:40:00][FINE] Scheduled update for region-file: (0, 1) (Map: world)
[2026-06-02 01:40:02][FINE] Scheduled update for region-file: (0, 0) (Map: world)
[2026-06-02 01:40:04][FINE] Scheduled update for region-file: (0, -1) (Map: world)
[2026-06-02 01:40:04][FINE] Scheduled update for region-file: (-1, -1) (Map: world)
[2026-06-02 01:40:11][FINE] Scheduled update for region-file: (0, 0) (Map: world)
[2026-06-02 01:40:26][FINE] Scheduled update for region-file: (0, -1) (Map: world)
[2026-06-02 01:40:26][FINE] Scheduled update for region-file: (0, 0) (Map: world)
[2026-06-02 01:40:34][FINE] Scheduled update for region-file: (0, -1) (Map: world)
[2026-06-02 01:40:34][FINE] Scheduled update for region-file: (0, 0) (Map: world)
[2026-06-02 01:41:04][FINE] Scheduled update for region-file: (0, 6) (Map: world)
[2026-06-02 01:41:06][FINE] Scheduled update for region-file: (1, 6) (Map: world)
[2026-06-02 01:41:24][FINE] Scheduled update for region-file: (-8, -8) (Map: world)
[2026-06-02 01:41:31][FINE] Scheduled update for region-file: (-9, -8) (Map: world)
[2026-06-02 01:41:35][FINE] Scheduled update for region-file: (-8, -8) (Map: world)
[2026-06-02 01:41:38][FINE] Scheduled update for region-file: (0, 6) (Map: world)
[2026-06-02 01:41:41][FINE] Scheduled update for region-file: (1, 6) (Map: world)
[2026-06-02 01:41:41][FINE] Scheduled update for region-file: (-2, 2) (Map: world)
[2026-06-02 01:41:43][FINE] Scheduled update for region-file: (-1, 2) (Map: world)
[2026-06-02 01:41:52][FINE] Scheduled update for region-file: (9, 6) (Map: world)
[2026-06-02 01:41:52][FINE] Scheduled update for region-file: (8, 6) (Map: world)
[2026-06-02 01:41:53][FINE] Scheduled update for region-file: (8, 7) (Map: world)
[2026-06-02 01:42:00][FINE] Scheduled update for region-file: (9, 7) (Map: world)
[2026-06-02 01:42:00][FINE] Scheduled update for region-file: (-9, 1) (Map: world)
[2026-06-02 01:42:04][FINE] Scheduled update for region-file: (-9, 2) (Map: world)
[2026-06-02 01:42:12][FINE] Scheduled update for region-file: (-9, 1) (Map: world)
[2026-06-02 01:42:17][FINE] Scheduled update for region-file: (-9, 2) (Map: world)
[2026-06-02 01:42:25][FINE] Scheduled update for region-file: (7, -8) (Map: world)
[2026-06-02 01:42:25][FINE] Scheduled update for region-file: (8, -8) (Map: world)
[2026-06-02 01:42:26][FINE] Scheduled update for region-file: (7, -9) (Map: world)
[2026-06-02 01:42:27][FINE] Scheduled update for region-file: (8, -9) (Map: world)
[2026-06-02 01:42:32][FINE] Scheduled update for region-file: (-8, -10) (Map: world)
[2026-06-02 01:42:34][FINE] Scheduled update for region-file: (-7, -10) (Map: world)
[2026-06-02 01:42:37][FINE] Scheduled update for region-file: (0, -10) (Map: world)
[2026-06-02 01:42:38][FINE] Scheduled update for region-file: (-1, -10) (Map: world)
[2026-06-02 01:42:40][FINE] Scheduled update for region-file: (1, -5) (Map: world)
[2026-06-02 01:42:40][FINE] Scheduled update for region-file: (1, -4) (Map: world)
[2026-06-02 01:42:40][FINE] Scheduled update for region-file: (2, -5) (Map: world)
[2026-06-02 01:42:40][FINE] Scheduled update for region-file: (2, -4) (Map: world)
[2026-06-02 01:42:40][FINE] Scheduled update for region-file: (-5, -7) (Map: world)
[2026-06-02 01:42:40][FINE] Scheduled update for region-file: (-5, -6) (Map: world)
[2026-06-02 01:42:40][FINE] Scheduled update for region-file: (-2, 2) (Map: world)
[2026-06-02 01:42:40][FINE] Scheduled update for region-file: (-1, 2) (Map: world)
[2026-06-02 01:42:40][FINE] Scheduled update for region-file: (-7, 8) (Map: world)
[2026-06-02 01:42:41][FINE] Scheduled update for region-file: (-6, 8) (Map: world)
[2026-06-02 01:42:41][FINE] Scheduled update for region-file: (-7, 7) (Map: world)
[2026-06-02 01:42:41][FINE] Scheduled update for region-file: (-6, 7) (Map: world)
[2026-06-02 01:42:41][FINE] Scheduled update for region-file: (-10, 3) (Map: world)
[2026-06-02 01:42:41][FINE] Scheduled update for region-file: (-10, 4) (Map: world)
[2026-06-02 01:42:41][FINE] Scheduled update for region-file: (-11, 3) (Map: world)
[2026-06-02 01:42:41][FINE] Scheduled update for region-file: (-11, 4) (Map: world)
[2026-06-02 01:42:41][FINE] Scheduled update for region-file: (5, 5) (Map: world)
[2026-06-02 01:42:41][FINE] Scheduled update for region-file: (6, 5) (Map: world)
[2026-06-02 01:42:42][FINE] Scheduled update for region-file: (5, 7) (Map: world)
[2026-06-02 01:42:42][FINE] Scheduled update for region-file: (4, 7) (Map: world)
[2026-06-02 01:42:42][FINE] Scheduled update for region-file: (2, 3) (Map: world)
[2026-06-02 01:42:43][FINE] Scheduled update for region-file: (1, -8) (Map: world)
[2026-06-02 01:42:43][FINE] Scheduled update for region-file: (0, -8) (Map: world)
[2026-06-02 01:42:43][FINE] Scheduled update for region-file: (0, -7) (Map: world)
[2026-06-02 01:42:43][FINE] Scheduled update for region-file: (1, -7) (Map: world)
[2026-06-02 01:42:43][FINE] Scheduled update for region-file: (7, -8) (Map: world)
[2026-06-02 01:42:43][FINE] Scheduled update for region-file: (6, -8) (Map: world)
[2026-06-02 01:42:43][FINE] Scheduled update for region-file: (-9, -10) (Map: world)
[2026-06-02 01:42:43][FINE] Scheduled update for region-file: (-9, -9) (Map: world)
[2026-06-02 01:42:43][FINE] Scheduled update for region-file: (-8, -10) (Map: world)
[2026-06-02 01:42:43][FINE] Scheduled update for region-file: (-8, -9) (Map: world)
[2026-06-02 01:42:43][FINE] Scheduled update for region-file: (8, -9) (Map: world)
[2026-06-02 01:42:43][FINE] Scheduled update for region-file: (8, -10) (Map: world)
[2026-06-02 01:42:43][FINE] Scheduled update for region-file: (9, -10) (Map: world)
[2026-06-02 01:42:43][FINE] Scheduled update for region-file: (9, -9) (Map: world)
[2026-06-02 01:42:44][FINE] Scheduled update for region-file: (-10, 1) (Map: world)
[2026-06-02 01:42:44][FINE] Scheduled update for region-file: (-9, 1) (Map: world)
[2026-06-02 01:42:44][FINE] Scheduled update for region-file: (-10, 0) (Map: world)
[2026-06-02 01:42:44][FINE] Scheduled update for region-file: (-9, 0) (Map: world)
[2026-06-02 01:42:44][FINE] Scheduled update for region-file: (2, 4) (Map: world)
[2026-06-02 01:42:44][FINE] Scheduled update for region-file: (3, 4) (Map: world)
[2026-06-02 01:42:44][FINE] Scheduled update for region-file: (8, 8) (Map: world)
[2026-06-02 01:42:45][FINE] Scheduled update for region-file: (-4, -9) (Map: world)
[2026-06-02 01:42:45][FINE] Scheduled update for region-file: (-3, -9) (Map: world)
[2026-06-02 01:42:45][FINE] Scheduled update for region-file: (-4, -8) (Map: world)
[2026-06-02 01:42:45][FINE] Scheduled update for region-file: (-3, -8) (Map: world)
[2026-06-02 01:42:45][FINE] Scheduled update for region-file: (8, 2) (Map: world)
[2026-06-02 01:42:45][FINE] Scheduled update for region-file: (9, 2) (Map: world)
[2026-06-02 01:42:45][FINE] Scheduled update for region-file: (8, 1) (Map: world)
[2026-06-02 01:42:45][FINE] Scheduled update for region-file: (9, 1) (Map: world)
[2026-06-02 01:42:45][FINE] Scheduled update for region-file: (-5, 0) (Map: world)
[2026-06-02 01:42:45][FINE] Scheduled update for region-file: (-5, 1) (Map: world)
[2026-06-02 01:42:45][FINE] Scheduled update for region-file: (-4, 1) (Map: world)
[2026-06-02 01:42:45][FINE] Scheduled update for region-file: (-4, 0) (Map: world)
[2026-06-02 01:42:45][FINE] Scheduled update for region-file: (7, 8) (Map: world)
[2026-06-02 01:42:46][FINE] Scheduled update for region-file: (-8, 4) (Map: world)
[2026-06-02 01:42:46][FINE] Scheduled update for region-file: (-8, 5) (Map: world)
[2026-06-02 01:42:46][FINE] Scheduled update for region-file: (-9, 4) (Map: world)
[2026-06-02 01:42:46][FINE] Scheduled update for region-file: (-9, 5) (Map: world)
[2026-06-02 01:42:46][FINE] Scheduled update for region-file: (-9, -5) (Map: world)
[2026-06-02 01:42:46][FINE] Scheduled update for region-file: (-9, -4) (Map: world)
[2026-06-02 01:42:46][FINE] Scheduled update for region-file: (-8, -5) (Map: world)
[2026-06-02 01:42:46][FINE] Scheduled update for region-file: (-8, -4) (Map: world)
[2026-06-02 01:42:46][FINE] Scheduled update for region-file: (1, 6) (Map: world)
[2026-06-02 01:42:50][FINE] Scheduled update for region-file: (3, 3) (Map: world)
[2026-06-02 01:43:01][FINE] Scheduled update for region-file: (0, -6) (Map: world)
[2026-06-02 01:43:08][FINE] Scheduled update for region-file: (-1, -6) (Map: world)
[2026-06-02 01:43:08][FINE] Scheduled update for region-file: (-1, -5) (Map: world)
[2026-06-02 01:43:08][FINE] Scheduled update for region-file: (0, -6) (Map: world)
[2026-06-02 01:43:08][FINE] Scheduled update for region-file: (0, -5) (Map: world)
[2026-06-02 01:43:08][FINE] Scheduled update for region-file: (3, 3) (Map: world)
[2026-06-02 01:43:08][FINE] Scheduled update for region-file: (5, 3) (Map: world)
[2026-06-02 01:43:09][FINE] Scheduled update for region-file: (6, 3) (Map: world)
[2026-06-02 01:43:09][FINE] Scheduled update for region-file: (-6, -2) (Map: world)
[2026-06-02 01:43:09][FINE] Scheduled update for region-file: (-6, -1) (Map: world)
[2026-06-02 01:43:09][FINE] Scheduled update for region-file: (-5, -2) (Map: world)
[2026-06-02 01:43:09][FINE] Scheduled update for region-file: (-5, -1) (Map: world)
[2026-06-02 01:43:15][FINE] Scheduled update for region-file: (3, 3) (Map: world)
[2026-06-02 01:43:25][FINE] Scheduled update for region-file: (6, -1) (Map: world)
[2026-06-02 01:43:30][FINE] Scheduled update for region-file: (7, -1) (Map: world)
[2026-06-02 01:43:36][FINE] Scheduled update for region-file: (6, -2) (Map: world)
[2026-06-02 01:43:36][FINE] Scheduled update for region-file: (7, -2) (Map: world)
[2026-06-02 01:43:36][FINE] Scheduled update for region-file: (6, -1) (Map: world)
[2026-06-02 01:43:36][FINE] Scheduled update for region-file: (7, -1) (Map: world)
[2026-06-02 01:43:49][FINE] Scheduled update for region-file: (-8, -8) (Map: world)
[2026-06-02 01:43:49][FINE] Scheduled update for region-file: (-7, -8) (Map: world)
[2026-06-02 01:43:49][FINE] Scheduled update for region-file: (-8, -9) (Map: world)
[2026-06-02 01:43:49][FINE] Scheduled update for region-file: (-7, -9) (Map: world)
[2026-06-02 01:43:49][FINE] Scheduled update for region-file: (3, 3) (Map: world)
[2026-06-02 01:43:49][FINE] Scheduled update for region-file: (-2, 4) (Map: world)
[2026-06-02 01:43:49][FINE] Scheduled update for region-file: (-2, 3) (Map: world)
[2026-06-02 01:43:50][FINE] Scheduled update for region-file: (-8, -4) (Map: world)
[2026-06-02 01:43:50][FINE] Scheduled update for region-file: (-8, -3) (Map: world)
[2026-06-02 01:43:50][FINE] Scheduled update for region-file: (0, -2) (Map: world)
[2026-06-02 01:43:50][FINE] Scheduled update for region-file: (1, -2) (Map: world)
[2026-06-02 01:43:50][FINE] Scheduled update for region-file: (0, -1) (Map: world)
[2026-06-02 01:43:50][FINE] Scheduled update for region-file: (1, -1) (Map: world)
[2026-06-02 01:43:50][FINE] Scheduled update for region-file: (-3, 2) (Map: world)
[2026-06-02 01:43:50][FINE] Scheduled update for region-file: (-3, 1) (Map: world)
[2026-06-02 01:43:50][FINE] Scheduled update for region-file: (-3, -8) (Map: world)
[2026-06-02 01:43:50][FINE] Scheduled update for region-file: (-2, -8) (Map: world)
[2026-06-02 01:43:50][FINE] Scheduled update for region-file: (-3, -7) (Map: world)
[2026-06-02 01:43:51][FINE] Scheduled update for region-file: (-2, -7) (Map: world)
[2026-06-02 01:43:51][FINE] Scheduled update for region-file: (0, -5) (Map: world)
[2026-06-02 01:43:52][FINE] Scheduled update for region-file: (8, -8) (Map: world)
[2026-06-02 01:43:52][FINE] Scheduled update for region-file: (8, -7) (Map: world)
[2026-06-02 01:43:52][FINE] Scheduled update for region-file: (9, -8) (Map: world)
[2026-06-02 01:43:52][FINE] Scheduled update for region-file: (9, -7) (Map: world)
[2026-06-02 01:43:54][FINE] Scheduled update for region-file: (3, 3) (Map: world)
[2026-06-02 01:44:03][FINE] Scheduled update for region-file: (3, 3) (Map: world)
[2026-06-02 01:44:18][FINE] Scheduled update for region-file: (4, 2) (Map: world)
[2026-06-02 01:44:18][FINE] Scheduled update for region-file: (5, 2) (Map: world)
[2026-06-02 01:44:18][FINE] Scheduled update for region-file: (4, 3) (Map: world)
[2026-06-02 01:44:18][FINE] Scheduled update for region-file: (5, 3) (Map: world)
[2026-06-02 01:44:18][FINE] Scheduled update for region-file: (-5, 2) (Map: world)
[2026-06-02 01:44:18][FINE] Scheduled update for region-file: (-5, 3) (Map: world)
[2026-06-02 01:44:18][FINE] Scheduled update for region-file: (-4, 2) (Map: world)
[2026-06-02 01:44:18][FINE] Scheduled update for region-file: (-4, 3) (Map: world)
[2026-06-02 01:44:18][FINE] Scheduled update for region-file: (-9, 5) (Map: world)
[2026-06-02 01:44:18][FINE] Scheduled update for region-file: (-10, 5) (Map: world)
[2026-06-02 01:44:18][FINE] Scheduled update for region-file: (-10, 6) (Map: world)
[2026-06-02 01:44:18][FINE] Scheduled update for region-file: (-9, 6) (Map: world)
[2026-06-02 01:44:20][FINE] Scheduled update for region-file: (3, 3) (Map: world)
[2026-06-02 01:44:27][FINE] Scheduled update for region-file: (3, 3) (Map: world)
[2026-06-02 01:44:36][FINE] Scheduled update for region-file: (0, 1) (Map: world)
[2026-06-02 01:44:42][FINE] Scheduled update for region-file: (0, 1) (Map: world)
[2026-06-02 01:44:42][FINE] Scheduled update for region-file: (0, -6) (Map: world)
[2026-06-02 01:44:49][FINE] Scheduled update for region-file: (3, 3) (Map: world)
[2026-06-02 01:44:57][FINE] Scheduled update for region-file: (0, -6) (Map: world)
[2026-06-02 01:44:57][FINE] Scheduled update for region-file: (1, -6) (Map: world)
[2026-06-02 01:44:57][FINE] Scheduled update for region-file: (0, -5) (Map: world)
[2026-06-02 01:44:57][FINE] Scheduled update for region-file: (1, -5) (Map: world)
[2026-06-02 01:44:57][FINE] Scheduled update for region-file: (-4, -1) (Map: world)
[2026-06-02 01:44:57][FINE] Scheduled update for region-file: (-3, -1) (Map: world)
[2026-06-02 01:44:58][FINE] Scheduled update for region-file: (7, -6) (Map: world)
[2026-06-02 01:44:58][FINE] Scheduled update for region-file: (9, -8) (Map: world)
[2026-06-02 01:44:58][FINE] Scheduled update for region-file: (9, -7) (Map: world)
[2026-06-02 01:44:58][FINE] Scheduled update for region-file: (8, -8) (Map: world)
[2026-06-02 01:44:58][FINE] Scheduled update for region-file: (8, -7) (Map: world)
[2026-06-02 01:44:58][FINE] Scheduled update for region-file: (5, 7) (Map: world)
[2026-06-02 01:44:58][FINE] Scheduled update for region-file: (-7, -6) (Map: world)
[2026-06-02 01:44:58][FINE] Scheduled update for region-file: (-7, -5) (Map: world)
[2026-06-02 01:44:58][FINE] Scheduled update for region-file: (5, 9) (Map: world)
[2026-06-02 01:44:59][FINE] Scheduled update for region-file: (5, 8) (Map: world)
[2026-06-02 01:45:01][FINE] Scheduled update for region-file: (3, 3) (Map: world)
[2026-06-02 01:45:07][FINE] Scheduled update for region-file: (3, 3) (Map: world)
[2026-06-02 01:45:13][FINE] Scheduled update for region-file: (0, 0) (Map: world)
[2026-06-02 01:45:15][FINE] Scheduled update for region-file: (3, 3) (Map: world)
[2026-06-02 01:45:35][FINE] Scheduled update for region-file: (5, -8) (Map: world)
[2026-06-02 01:45:35][FINE] Scheduled update for region-file: (6, -8) (Map: world)
[2026-06-02 01:45:39][FINE] Scheduled update for region-file: (5, -7) (Map: world)
[2026-06-02 01:45:42][FINE] Scheduled update for region-file: (6, -7) (Map: world)
[2026-06-02 01:45:42][FINE] Scheduled update for region-file: (5, -8) (Map: world)
[2026-06-02 01:45:42][FINE] Scheduled update for region-file: (6, -8) (Map: world)
[2026-06-02 01:45:48][FINE] Scheduled update for region-file: (6, 6) (Map: world)
[2026-06-02 01:45:51][FINE] Scheduled update for region-file: (6, 7) (Map: world)
[2026-06-02 01:45:56][FINE] Scheduled update for region-file: (8, 4) (Map: world)
[2026-06-02 01:45:57][FINE] Scheduled update for region-file: (8, 5) (Map: world)
[2026-06-02 01:46:04][FINE] Scheduled update for region-file: (-3, -8) (Map: world)
[2026-06-02 01:46:04][FINE] Scheduled update for region-file: (-3, -7) (Map: world)
[2026-06-02 01:46:04][FINE] Scheduled update for region-file: (-8, 2) (Map: world)
[2026-06-02 01:46:04][FINE] Scheduled update for region-file: (-9, 2) (Map: world)
[2026-06-02 01:46:04][FINE] Scheduled update for region-file: (-9, 1) (Map: world)
[2026-06-02 01:46:04][FINE] Scheduled update for region-file: (-8, 1) (Map: world)
[2026-06-02 01:46:04][FINE] Scheduled update for region-file: (-5, -5) (Map: world)
[2026-06-02 01:46:04][FINE] Scheduled update for region-file: (-6, -5) (Map: world)
[2026-06-02 01:46:04][FINE] Scheduled update for region-file: (3, 3) (Map: world)
[2026-06-02 01:46:04][FINE] Scheduled update for region-file: (6, 3) (Map: world)
[2026-06-02 01:46:04][FINE] Scheduled update for region-file: (7, 3) (Map: world)
[2026-06-02 01:46:04][FINE] Scheduled update for region-file: (6, 4) (Map: world)
[2026-06-02 01:46:04][FINE] Scheduled update for region-file: (7, 4) (Map: world)
[2026-06-02 01:46:05][FINE] Scheduled update for region-file: (4, 3) (Map: world)
[2026-06-02 01:46:05][FINE] Scheduled update for region-file: (5, 3) (Map: world)
[2026-06-02 01:46:05][FINE] Scheduled update for region-file: (4, 2) (Map: world)
[2026-06-02 01:46:05][FINE] Scheduled update for region-file: (5, 2) (Map: world)
[2026-06-02 01:46:05][FINE] Scheduled update for region-file: (-7, 0) (Map: world)
[2026-06-02 01:46:05][FINE] Scheduled update for region-file: (-7, -1) (Map: world)
[2026-06-02 01:46:05][FINE] Scheduled update for region-file: (-8, -1) (Map: world)
[2026-06-02 01:46:05][FINE] Scheduled update for region-file: (-8, 0) (Map: world)
[2026-06-02 01:46:05][FINE] Scheduled update for region-file: (2, -5) (Map: world)
[2026-06-02 01:46:05][FINE] Scheduled update for region-file: (1, -5) (Map: world)
[2026-06-02 01:46:05][FINE] Scheduled update for region-file: (3, -2) (Map: world)
[2026-06-02 01:46:05][FINE] Scheduled update for region-file: (4, -2) (Map: world)
[2026-06-02 01:46:05][FINE] Scheduled update for region-file: (-4, 3) (Map: world)
[2026-06-02 01:46:05][FINE] Scheduled update for region-file: (-3, 3) (Map: world)
[2026-06-02 01:46:05][FINE] Scheduled update for region-file: (-4, 2) (Map: world)
[2026-06-02 01:46:05][FINE] Scheduled update for region-file: (-3, 2) (Map: world)
[2026-06-02 01:46:06][FINE] Scheduled update for region-file: (-2, 2) (Map: world)
[2026-06-02 01:46:06][FINE] Scheduled update for region-file: (-2, 3) (Map: world)
[2026-06-02 01:46:06][FINE] Scheduled update for region-file: (-1, 2) (Map: world)
[2026-06-02 01:46:06][FINE] Scheduled update for region-file: (0, 3) (Map: world)
[2026-06-02 01:46:06][FINE] Scheduled update for region-file: (0, 4) (Map: world)
[2026-06-02 01:46:06][FINE] Scheduled update for region-file: (-1, 3) (Map: world)
[2026-06-02 01:46:06][FINE] Scheduled update for region-file: (-1, 4) (Map: world)
[2026-06-02 01:46:07][FINE] Scheduled update for region-file: (0, -1) (Map: world)
[2026-06-02 01:46:07][FINE] Scheduled update for region-file: (0, 0) (Map: world)
[2026-06-02 01:46:11][FINE] Scheduled update for region-file: (3, 3) (Map: world)
[2026-06-02 01:46:19][FINE] Scheduled update for region-file: (3, 3) (Map: world)
[2026-06-02 01:46:27][FINE] Scheduled update for region-file: (3, 3) (Map: world)
[2026-06-02 01:46:30][FINE] Scheduled update for region-file: (0, 0) (Map: world)
[2026-06-02 01:46:31][FINE] Scheduled update for region-file: (-1, 0) (Map: world)
[2026-06-02 01:46:43][FINE] Scheduled update for region-file: (3, 2) (Map: world)
[2026-06-02 01:46:43][FINE] Scheduled update for region-file: (2, 2) (Map: world)
[2026-06-02 01:46:43][FINE] Scheduled update for region-file: (-4, 8) (Map: world)
[2026-06-02 01:46:43][FINE] Scheduled update for region-file: (-5, 7) (Map: world)
[2026-06-02 01:46:43][FINE] Scheduled update for region-file: (-4, 7) (Map: world)
[2026-06-02 01:46:43][FINE] Scheduled update for region-file: (-5, 8) (Map: world)
[2026-06-02 01:46:43][FINE] Scheduled update for region-file: (3, 3) (Map: world)
[2026-06-02 01:46:43][FINE] Scheduled update for region-file: (4, 5) (Map: world)
[2026-06-02 01:46:43][FINE] Scheduled update for region-file: (5, 5) (Map: world)
[2026-06-02 01:46:43][FINE] Scheduled update for region-file: (-1, -1) (Map: world)
[2026-06-02 01:46:43][FINE] Scheduled update for region-file: (4, 6) (Map: world)
[2026-06-02 01:46:43][FINE] Scheduled update for region-file: (5, 6) (Map: world)
[2026-06-02 01:46:43][FINE] Scheduled update for region-file: (0, -1) (Map: world)
[2026-06-02 01:46:44][FINE] Scheduled update for region-file: (0, 0) (Map: world)
[2026-06-02 01:46:44][FINE] Scheduled update for region-file: (-1, 0) (Map: world)
[2026-06-02 01:46:51][FINE] Scheduled update for region-file: (3, 3) (Map: world)
[2026-06-02 01:46:53][FINE] Scheduled update for region-file: (0, 0) (Map: world)
[2026-06-02 01:46:53][FINE] Scheduled update for region-file: (-1, 0) (Map: world)
[2026-06-02 01:47:18][FINE] Scheduled update for region-file: (8, 0) (Map: world)
[2026-06-02 01:47:20][FINE] Scheduled update for region-file: (7, 0) (Map: world)
[2026-06-02 01:47:26][FINE] Scheduled update for region-file: (-5, 6) (Map: world)
[2026-06-02 01:47:27][FINE] Scheduled update for region-file: (-4, 6) (Map: world)
[2026-06-02 01:47:29][FINE] Scheduled update for region-file: (-10, 6) (Map: world)
[2026-06-02 01:47:29][FINE] Scheduled update for region-file: (-10, 7) (Map: world)
[2026-06-02 01:47:29][FINE] Scheduled update for region-file: (-9, 6) (Map: world)
[2026-06-02 01:47:29][FINE] Scheduled update for region-file: (-9, 7) (Map: world)
[2026-06-02 01:47:29][FINE] Scheduled update for region-file: (-8, -7) (Map: world)
[2026-06-02 01:47:29][FINE] Scheduled update for region-file: (-8, -6) (Map: world)
[2026-06-02 01:47:29][FINE] Scheduled update for region-file: (-3, -10) (Map: world)
[2026-06-02 01:47:29][FINE] Scheduled update for region-file: (-3, -9) (Map: world)
[2026-06-02 01:47:30][FINE] Scheduled update for region-file: (-8, -1) (Map: world)
[2026-06-02 01:47:30][FINE] Scheduled update for region-file: (-9, -1) (Map: world)
[2026-06-02 01:47:30][FINE] Scheduled update for region-file: (7, 7) (Map: world)
[2026-06-02 01:47:30][FINE] Scheduled update for region-file: (7, 8) (Map: world)
[2026-06-02 01:47:30][FINE] Scheduled update for region-file: (6, 7) (Map: world)
[2026-06-02 01:47:30][FINE] Scheduled update for region-file: (6, 8) (Map: world)
[2026-06-02 01:47:30][FINE] Scheduled update for region-file: (1, -2) (Map: world)
[2026-06-02 01:47:30][FINE] Scheduled update for region-file: (1, -1) (Map: world)
[2026-06-02 01:47:30][FINE] Scheduled update for region-file: (-10, -9) (Map: world)
[2026-06-02 01:47:30][FINE] Scheduled update for region-file: (-10, -8) (Map: world)
[2026-06-02 01:47:30][FINE] Scheduled update for region-file: (-7, 9) (Map: world)
[2026-06-02 01:47:30][FINE] Scheduled update for region-file: (-8, 9) (Map: world)
[2026-06-02 01:47:30][FINE] Scheduled update for region-file: (-8, 10) (Map: world)
[2026-06-02 01:47:30][FINE] Scheduled update for region-file: (-7, 10) (Map: world)
[2026-06-02 01:47:32][FINE] Scheduled update for region-file: (0, 0) (Map: world)
[2026-06-02 01:47:32][FINE] Scheduled update for region-file: (-1, 0) (Map: world)
[2026-06-02 01:47:33][FINE] Scheduled update for region-file: (3, 3) (Map: world)
[2026-06-02 01:47:39][FINE] Scheduled update for region-file: (3, 3) (Map: world)
[2026-06-02 01:47:53][FINE] Scheduled update for region-file: (-2, -3) (Map: world)
[2026-06-02 01:47:53][FINE] Scheduled update for region-file: (-2, -2) (Map: world)
[2026-06-02 01:47:53][FINE] Scheduled update for region-file: (-1, -3) (Map: world)
[2026-06-02 01:47:53][FINE] Scheduled update for region-file: (-1, -2) (Map: world)
[2026-06-02 01:47:54][FINE] Scheduled update for region-file: (-6, -1) (Map: world)
[2026-06-02 01:47:54][FINE] Scheduled update for region-file: (-1, -1) (Map: world)
[2026-06-02 01:47:57][FINE] Scheduled update for region-file: (3, 3) (Map: world)
[2026-06-02 01:48:03][FINE] Scheduled update for region-file: (3, 3) (Map: world)
[2026-06-02 01:48:09][FINE] Scheduled update for region-file: (-1, 0) (Map: world)
[2026-06-02 01:48:20][FINE] Scheduled update for region-file: (-5, -1) (Map: world)
[2026-06-02 01:48:24][FINE] Scheduled update for region-file: (3, 3) (Map: world)
[2026-06-02 01:48:33][FINE] Scheduled update for region-file: (-1, 0) (Map: world)
[2026-06-02 01:48:36][FINE] Scheduled update for region-file: (-5, 0) (Map: world)
[2026-06-02 01:48:38][FINE] Scheduled update for region-file: (-5, -1) (Map: world)
[2026-06-02 01:48:44][FINE] Scheduled update for region-file: (5, -8) (Map: world)
[2026-06-02 01:48:48][FINE] Scheduled update for region-file: (4, -8) (Map: world)
[2026-06-02 01:48:52][FINE] Scheduled update for region-file: (3, -10) (Map: world)
[2026-06-02 01:48:52][FINE] Scheduled update for region-file: (3, -9) (Map: world)
[2026-06-02 01:48:52][FINE] Scheduled update for region-file: (4, -10) (Map: world)
[2026-06-02 01:48:54][FINE] Scheduled update for region-file: (4, -9) (Map: world)
[2026-06-02 01:49:01][FINE] Scheduled update for region-file: (-8, 3) (Map: world)
[2026-06-02 01:49:01][FINE] Scheduled update for region-file: (-8, 4) (Map: world)
[2026-06-02 01:49:01][FINE] Scheduled update for region-file: (-9, 3) (Map: world)
[2026-06-02 01:49:01][FINE] Scheduled update for region-file: (-9, 4) (Map: world)
[2026-06-02 01:49:08][FINE] Scheduled update for region-file: (-7, 9) (Map: world)
[2026-06-02 01:49:08][FINE] Scheduled update for region-file: (-6, 9) (Map: world)
[2026-06-02 01:49:08][FINE] Scheduled update for region-file: (-5, 8) (Map: world)
[2026-06-02 01:49:08][FINE] Scheduled update for region-file: (-4, 8) (Map: world)
[2026-06-02 01:49:09][FINE] Scheduled update for region-file: (7, 8) (Map: world)
[2026-06-02 01:49:09][FINE] Scheduled update for region-file: (6, 8) (Map: world)
[2026-06-02 01:49:09][FINE] Scheduled update for region-file: (0, 9) (Map: world)
[2026-06-02 01:49:09][FINE] Scheduled update for region-file: (1, 9) (Map: world)
[2026-06-02 01:49:10][FINE] Scheduled update for region-file: (-3, -5) (Map: world)
[2026-06-02 01:49:10][FINE] Scheduled update for region-file: (-3, -4) (Map: world)
[2026-06-02 01:49:10][FINE] Scheduled update for region-file: (-3, 6) (Map: world)
[2026-06-02 01:49:10][FINE] Scheduled update for region-file: (-2, 6) (Map: world)
[2026-06-02 01:49:11][FINE] Scheduled update for region-file: (0, 0) (Map: world)
[2026-06-02 01:49:11][FINE] Scheduled update for region-file: (5, -2) (Map: world)
[2026-06-02 01:49:11][FINE] Scheduled update for region-file: (-5, 1) (Map: world)
[2026-06-02 01:49:11][FINE] Scheduled update for region-file: (-6, 1) (Map: world)
[2026-06-02 01:49:11][FINE] Scheduled update for region-file: (-6, 2) (Map: world)
[2026-06-02 01:49:11][FINE] Scheduled update for region-file: (-5, 2) (Map: world)
[2026-06-02 01:49:11][FINE] Scheduled update for region-file: (2, 0) (Map: world)
[2026-06-02 01:49:11][FINE] Scheduled update for region-file: (2, -1) (Map: world)
[2026-06-02 01:49:11][FINE] Scheduled update for region-file: (3, -1) (Map: world)
[2026-06-02 01:49:11][FINE] Scheduled update for region-file: (3, 0) (Map: world)
[2026-06-02 01:49:12][FINE] Scheduled update for region-file: (9, 0) (Map: world)
[2026-06-02 01:49:12][FINE] Scheduled update for region-file: (3, 9) (Map: world)
[2026-06-02 01:49:12][FINE] Scheduled update for region-file: (4, 9) (Map: world)
[2026-06-02 01:49:12][FINE] Scheduled update for region-file: (3, 10) (Map: world)
[2026-06-02 01:49:12][FINE] Scheduled update for region-file: (4, 10) (Map: world)
[2026-06-02 01:49:12][FINE] Scheduled update for region-file: (-5, -5) (Map: world)
[2026-06-02 01:49:12][FINE] Scheduled update for region-file: (-4, -5) (Map: world)
[2026-06-02 01:49:12][FINE] Scheduled update for region-file: (-5, -4) (Map: world)
[2026-06-02 01:49:12][FINE] Scheduled update for region-file: (-4, -4) (Map: world)
[2026-06-02 01:49:13][FINE] Scheduled update for region-file: (-10, -8) (Map: world)
[2026-06-02 01:49:13][FINE] Scheduled update for region-file: (-11, -8) (Map: world)
[2026-06-02 01:49:13][FINE] Scheduled update for region-file: (6, -1) (Map: world)
[2026-06-02 01:49:13][FINE] Scheduled update for region-file: (6, 0) (Map: world)
[2026-06-02 01:49:13][FINE] Scheduled update for region-file: (5, -1) (Map: world)
[2026-06-02 01:49:13][FINE] Scheduled update for region-file: (5, 0) (Map: world)
[2026-06-02 01:49:13][FINE] Scheduled update for region-file: (-1, 0) (Map: world)
[2026-06-02 01:49:13][FINE] Scheduled update for region-file: (3, -10) (Map: world)
[2026-06-02 01:49:13][FINE] Scheduled update for region-file: (3, -9) (Map: world)
[2026-06-02 01:49:16][FINE] Scheduled update for region-file: (3, 3) (Map: world)
